TN:
SF:src\controller\user.controller.ts
FN:5,(anonymous_9)
FN:14,(anonymous_10)
FN:34,(anonymous_11)
FN:44,(anonymous_12)
FNF:4
FNH:2
FNDA:1,(anonymous_9)
FNDA:0,(anonymous_10)
FNDA:2,(anonymous_11)
FNDA:0,(anonymous_12)
DA:2,1
DA:5,1
DA:6,1
DA:7,1
DA:8,1
DA:10,0
DA:14,1
DA:15,0
DA:17,0
DA:19,0
DA:20,0
DA:23,0
DA:25,0
DA:26,0
DA:27,0
DA:28,0
DA:30,0
DA:34,1
DA:35,2
DA:36,2
DA:37,1
DA:39,1
DA:40,1
DA:44,1
DA:45,0
DA:48,0
DA:50,0
DA:51,0
DA:54,0
DA:56,0
DA:57,0
DA:58,0
DA:59,0
DA:60,0
DA:62,0
LF:35
LH:13
BRDA:19,0,0,0
BRDA:19,0,1,0
BRDA:26,1,0,0
BRDA:26,1,1,0
BRDA:50,2,0,0
BRDA:50,2,1,0
BRDA:58,3,0,0
BRDA:58,3,1,0
BRF:8
BRH:0
end_of_record
TN:
SF:src\dao\user.dao.ts
FN:3,(anonymous_1)
FN:7,(anonymous_2)
FN:11,(anonymous_3)
FN:16,(anonymous_4)
FNF:4
FNH:2
FNDA:1,(anonymous_1)
FNDA:0,(anonymous_2)
FNDA:2,(anonymous_3)
FNDA:0,(anonymous_4)
DA:1,1
DA:3,1
DA:4,1
DA:7,1
DA:8,0
DA:11,1
DA:12,2
DA:13,2
DA:16,1
DA:17,0
LF:10
LH:8
BRF:0
BRH:0
end_of_record
TN:
SF:src\middlewares\auth.middleware.ts
FN:15,(anonymous_1)
FNF:1
FNH:1
FNDA:4,(anonymous_1)
DA:2,1
DA:3,1
DA:5,1
DA:13,1
DA:15,1
DA:16,4
DA:18,4
DA:19,0
DA:22,4
DA:25,4
DA:26,0
DA:29,4
DA:31,4
DA:33,4
DA:35,4
DA:37,0
LF:16
LH:13
BRDA:13,0,0,1
BRDA:13,0,1,0
BRDA:18,1,0,0
BRDA:18,1,1,4
BRDA:18,2,0,4
BRDA:18,2,1,4
BRDA:25,3,0,0
BRDA:25,3,1,4
BRF:8
BRH:5
end_of_record
TN:
SF:src\middlewares\user.middleware.ts
FN:4,(anonymous_0)
FN:7,(anonymous_1)
FNF:2
FNH:2
FNDA:4,(anonymous_0)
FNDA:4,(anonymous_1)
DA:4,1
DA:5,4
DA:6,4
DA:7,4
DA:8,4
DA:9,0
DA:11,4
DA:13,0
LF:8
LH:6
BRDA:7,0,0,4
BRDA:7,0,1,4
BRDA:8,1,0,0
BRDA:8,1,1,4
BRF:4
BRH:3
end_of_record
TN:
SF:src\middlewares\validate.middleware.ts
FN:4,(anonymous_0)
FN:5,(anonymous_1)
FNF:2
FNH:2
FNDA:1,(anonymous_0)
FNDA:4,(anonymous_1)
DA:4,1
DA:5,1
DA:6,4
DA:7,4
DA:12,4
DA:13,2
DA:15,2
LF:7
LH:7
BRDA:15,0,0,2
BRDA:15,0,1,2
BRDA:15,0,2,0
BRF:3
BRH:2
end_of_record
TN:
SF:src\models\role.model.ts
FNF:0
FNH:0
DA:1,1
DA:10,1
DA:19,1
LF:3
LH:3
BRF:0
BRH:0
end_of_record
TN:
SF:src\models\user.model.ts
FNF:0
FNH:0
DA:1,1
DA:22,1
DA:27,1
DA:52,1
LF:4
LH:4
BRF:0
BRH:0
end_of_record
TN:
SF:src\routes\user.routes.ts
FNF:0
FNH:0
DA:1,1
DA:2,1
DA:3,1
DA:4,1
DA:5,1
DA:6,1
DA:8,1
DA:20,1
DA:40,1
DA:73,1
DA:74,1
DA:76,1
LF:12
LH:12
BRF:0
BRH:0
end_of_record
TN:
SF:src\services\user.service.ts
FN:12,(anonymous_10)
FN:17,(anonymous_11)
FN:24,(anonymous_12)
FN:32,(anonymous_13)
FN:60,(anonymous_14)
FN:74,(anonymous_15)
FNF:6
FNH:2
FNDA:1,(anonymous_10)
FNDA:0,(anonymous_11)
FNDA:2,(anonymous_12)
FNDA:0,(anonymous_13)
FNDA:0,(anonymous_14)
FNDA:0,(anonymous_15)
DA:2,1
DA:3,1
DA:4,1
DA:6,1
DA:10,1
DA:12,1
DA:13,1
DA:14,1
DA:17,1
DA:18,0
DA:19,0
DA:20,0
DA:24,1
DA:25,2
DA:26,2
DA:27,2
DA:30,2
DA:31,2
DA:32,0
DA:34,2
DA:35,2
DA:36,1
DA:38,2
DA:52,2
DA:57,1
DA:60,1
DA:61,0
DA:62,0
DA:63,0
DA:64,0
DA:65,0
DA:66,0
DA:67,0
DA:69,0
DA:70,0
DA:73,0
DA:74,0
DA:77,0
DA:78,0
LF:39
LH:22
BRDA:10,0,0,1
BRDA:10,0,1,1
BRDA:19,1,0,0
BRDA:19,1,1,0
BRDA:25,2,0,2
BRDA:25,2,1,0
BRDA:31,3,0,0
BRDA:31,3,1,2
BRDA:31,4,0,2
BRDA:31,4,1,0
BRDA:35,5,0,1
BRDA:35,5,1,1
BRDA:63,6,0,0
BRDA:63,6,1,0
BRDA:64,7,0,0
BRDA:64,7,1,0
BRDA:65,8,0,0
BRDA:65,8,1,0
BRDA:66,9,0,0
BRDA:66,9,1,0
BRDA:67,10,0,0
BRDA:67,10,1,0
BRDA:69,11,0,0
BRDA:69,11,1,0
BRDA:73,12,0,0
BRDA:73,12,1,0
BRF:26
BRH:7
end_of_record
TN:
SF:src\validators\user.validator.ts
FNF:0
FNH:0
DA:1,1
DA:3,1
DA:11,1
DA:16,1
DA:27,1
LF:5
LH:5
BRF:0
BRH:0
end_of_record
